TN:
SF:/Users/dradhakrishna/dev/angular/jobsForMe/src/polyfills.ts
FNF:0
FNH:0
LF:0
LH:0
BRF:0
BRH:0
end_of_record
TN:
SF:/Users/dradhakrishna/dev/angular/jobsForMe/src/test.ts
FNF:0
FNH:0
DA:13,1
DA:18,1
DA:20,1
LF:3
LH:3
BRF:0
BRH:0
end_of_record
TN:
SF:/Users/dradhakrishna/dev/angular/jobsForMe/src/app/app.component.ts
FN:3,AppComponent
FNF:1
FNH:1
FNDA:2,AppComponent
DA:8,1
DA:9,2
DA:10,1
LF:3
LH:3
BRF:0
BRH:0
end_of_record
TN:
SF:/Users/dradhakrishna/dev/angular/jobsForMe/src/app/jobsfound/jobsfound.component.ts
FN:11,JobsfoundComponent
FN:13,(anonymous_4)
FNF:2
FNH:2
FNDA:1,JobsfoundComponent
FNDA:1,(anonymous_4)
DA:9,1
DA:12,1
DA:13,1
DA:15,1
LF:4
LH:4
BRF:0
BRH:0
end_of_record
TN:
SF:/Users/dradhakrishna/dev/angular/jobsForMe/src/app/searchjobs/searchjobs.component.ts
FN:53,SearchjobsComponent
FN:23,(anonymous_4)
FN:27,(anonymous_5)
FN:33,(anonymous_6)
FN:37,(anonymous_7)
FN:45,(anonymous_8)
FN:49,(anonymous_9)
FN:55,(anonymous_10)
FN:56,(anonymous_11)
FN:65,(anonymous_12)
FN:66,(anonymous_13)
FN:71,(anonymous_14)
FN:72,(anonymous_15)
FN:76,(anonymous_16)
FN:81,(anonymous_17)
FN:82,(anonymous_18)
FN:85,(anonymous_19)
FN:93,(anonymous_20)
FN:94,(anonymous_21)
FN:98,(anonymous_22)
FN:99,(anonymous_23)
FNF:21
FNH:3
FNDA:3,SearchjobsComponent
FNDA:0,(anonymous_4)
FNDA:0,(anonymous_5)
FNDA:0,(anonymous_6)
FNDA:0,(anonymous_7)
FNDA:2,(anonymous_8)
FNDA:0,(anonymous_9)
FNDA:1,(anonymous_10)
FNDA:0,(anonymous_11)
FNDA:0,(anonymous_12)
FNDA:0,(anonymous_13)
FNDA:0,(anonymous_14)
FNDA:0,(anonymous_15)
FNDA:0,(anonymous_16)
FNDA:0,(anonymous_17)
FNDA:0,(anonymous_18)
FNDA:0,(anonymous_19)
FNDA:0,(anonymous_20)
FNDA:0,(anonymous_21)
FNDA:0,(anonymous_22)
FNDA:0,(anonymous_23)
DA:11,1
DA:17,3
DA:24,0
DA:28,0
DA:29,0
DA:34,0
DA:38,0
DA:39,0
DA:46,2
DA:50,0
DA:53,3
DA:55,1
DA:56,1
DA:57,0
DA:58,0
DA:59,0
DA:60,0
DA:65,1
DA:66,0
DA:67,0
DA:71,1
DA:72,0
DA:73,0
DA:76,1
DA:77,0
DA:78,0
DA:81,1
DA:82,0
DA:83,0
DA:85,1
DA:87,0
DA:89,0
DA:93,1
DA:94,0
DA:95,0
DA:98,1
DA:99,0
DA:100,0
DA:101,0
DA:102,0
DA:107,1
LF:41
LH:14
BRDA:67,0,0,0
BRDA:67,0,1,0
BRDA:67,0,2,0
BRF:3
BRH:0
end_of_record
TN:
SF:/Users/dradhakrishna/dev/angular/jobsForMe/src/app/shared/model/listOfJobs.model.ts
FN:1,(anonymous_0)
FNF:1
FNH:1
FNDA:1,(anonymous_0)
DA:1,1
DA:19,1
LF:2
LH:2
BRF:0
BRH:0
end_of_record
TN:
SF:/Users/dradhakrishna/dev/angular/jobsForMe/src/app/shared/service/webapi.service.ts
FN:17,WebapiService
FN:13,(anonymous_4)
FNF:2
FNH:2
FNDA:4,WebapiService
FNDA:1,(anonymous_4)
DA:10,1
DA:13,1
DA:14,1
DA:17,4
DA:18,1
LF:5
LH:5
BRF:0
BRH:0
end_of_record
